#
# There is insufficient memory for the Java Runtime Environment to continue.
# Native memory allocation (malloc) failed to allocate 862768 bytes. Error detail: Chunk::new
# Possible reasons:
#   The system is out of physical RAM or swap space
#   This process is running with CompressedOops enabled, and the Java Heap may be blocking the growth of the native heap
# Possible solutions:
#   Reduce memory load on the system
#   Increase physical memory or swap space
#   Check if swap backing store is full
#   Decrease Java heap size (-Xmx/-Xms)
#   Decrease number of Java threads
#   Decrease Java thread stack sizes (-Xss)
#   Set larger code cache with -XX:ReservedCodeCacheSize=
#   JVM is running with Unscaled Compressed Oops mode in which the Java heap is
#     placed in the first 4GB address space. The Java Heap base address is the
#     maximum limit for the native heap growth. Please use -XX:HeapBaseMinAddress
#     to set the Java Heap base and to place the Java Heap above 4GB virtual address.
# This output file may be truncated or incomplete.
#
#  Out of Memory Error (arena.cpp:191), pid=4852, tid=18220
#
# JRE version: OpenJDK Runtime Environment Temurin-17.0.11+9 (17.0.11+9) (build 17.0.11+9)
# Java VM: OpenJDK 64-Bit Server VM Temurin-17.0.11+9 (17.0.11+9, mixed mode, tiered, compressed oops, compressed class ptrs, parallel gc, windows-amd64)
# No core dump will be written. Minidumps are not enabled by default on client versions of Windows
#

---------------  S U M M A R Y ------------

Command Line: --add-modules=ALL-SYSTEM --add-opens=java.base/java.util=ALL-UNNAMED --add-opens=java.base/java.lang=ALL-UNNAMED --add-opens=java.base/sun.nio.fs=ALL-UNNAMED -Declipse.application=org.eclipse.jdt.ls.core.id1 -Dosgi.bundles.defaultStartLevel=4 -Declipse.product=org.eclipse.jdt.ls.core.product -Djava.import.generatesMetadataFilesAtProjectRoot=false -DDetectVMInstallationsJob.disabled=true -Dfile.encoding=utf8 -XX:+UseParallelGC -XX:GCTimeRatio=4 -XX:AdaptiveSizePolicyWeight=90 -Dsun.zip.disableMemoryMapping=true -Xmx1G -Xms100m -Xlog:disable -javaagent:c:\Users\harip\.vscode\extensions\redhat.java-1.31.0-win32-x64\lombok\lombok-1.18.32.jar -XX:+HeapDumpOnOutOfMemoryError -XX:HeapDumpPath=c:\Users\harip\AppData\Roaming\Code\User\workspaceStorage\2f1dbbce5bae9b77347cb12511577ef0\redhat.java -Daether.dependencyCollector.impl=bf c:\Users\harip\.vscode\extensions\redhat.java-1.31.0-win32-x64\server\plugins\org.eclipse.equinox.launcher_1.6.800.v20240513-1750.jar -configuration c:\Users\harip\AppData\Roaming\Code\User\globalStorage\redhat.java\1.31.0\config_win -data c:\Users\harip\AppData\Roaming\Code\User\workspaceStorage\2f1dbbce5bae9b77347cb12511577ef0\redhat.java\jdt_ws --pipe=\\.\pipe\lsp-40471ea50a10b64931b0fe5d0ad088c1-sock

Host: 12th Gen Intel(R) Core(TM) i5-1235U, 12 cores, 3G,  Windows 11 , 64 bit Build 22621 (10.0.22621.3672)
Time: Mon Jun 17 18:37:36 2024 India Standard Time elapsed time: 453.100241 seconds (0d 0h 7m 33s)

---------------  T H R E A D  ---------------

Current thread (0x000002d5b692b560):  JavaThread "C2 CompilerThread0" daemon [_thread_in_native, id=18220, stack(0x000000f9a1900000,0x000000f9a1a00000)]


Current CompileTask:
C2: 453100 11260 % !   4       org.eclipse.jdt.internal.core.JavaModelManager::determineIfOnClasspath @ 141 (399 bytes)

Stack: [0x000000f9a1900000,0x000000f9a1a00000]
Native frames: (J=compiled Java code, j=interpreted, Vv=VM code, C=native code)
V  [jvm.dll+0x67d429]
V  [jvm.dll+0x834b7a]
V  [jvm.dll+0x83663e]
V  [jvm.dll+0x836ca3]
V  [jvm.dll+0x247dbf]
V  [jvm.dll+0xac534]
V  [jvm.dll+0xacb7c]
V  [jvm.dll+0x366647]
V  [jvm.dll+0x1bd086]
V  [jvm.dll+0x21a5c9]
V  [jvm.dll+0x2198b1]
V  [jvm.dll+0x1a534d]
V  [jvm.dll+0x2295cd]
V  [jvm.dll+0x22779c]
V  [jvm.dll+0x7e9d07]
V  [jvm.dll+0x7e410a]
V  [jvm.dll+0x67c315]
C  [ucrtbase.dll+0x29333]
C  [KERNEL32.DLL+0x1257d]
C  [ntdll.dll+0x5af28]


---------------  P R O C E S S  ---------------

Threads class SMR info:
_java_thread_list=0x000002d5ba135100, length=49, elements={
0x000002d59d6ff7a0, 0x000002d5b68f5010, 0x000002d5b68f6600, 0x000002d5b6922f20,
0x000002d5b69238f0, 0x000002d5b6924c00, 0x000002d5b6929f10, 0x000002d5b692b560,
0x000002d5b69306e0, 0x000002d5b6931790, 0x000002d5b146c2b0, 0x000002d5b7ea6710,
0x000002d5b831bea0, 0x000002d5b85d4b70, 0x000002d5b85d5320, 0x000002d5b8223880,
0x000002d5b88c41c0, 0x000002d5b80f24c0, 0x000002d5b80f33f0, 0x000002d5b80f2ee0,
0x000002d5b80f5760, 0x000002d5b80f3e10, 0x000002d5b80f4320, 0x000002d5b80f5250,
0x000002d5bb5735b0, 0x000002d5bb573ac0, 0x000002d5bb572b90, 0x000002d5bb56dfa0,
0x000002d5bb56e4b0, 0x000002d5bb56e9c0, 0x000002d5bb573fd0, 0x000002d5bb56f3e0,
0x000002d5bb56cb60, 0x000002d5bb56eed0, 0x000002d5bb56f8f0, 0x000002d5bb56fe00,
0x000002d5bb5730a0, 0x000002d5bb56da90, 0x000002d5bb5744e0, 0x000002d5bb56d070,
0x000002d5bb571750, 0x000002d5bb572680, 0x000002d5bb571240, 0x000002d5bb572170,
0x000002d5b8eafe40, 0x000002d5b8eacba0, 0x000002d5b8eaf420, 0x000002d5b8eaf930,
0x000002d5b8ead0b0
}

Java Threads: ( => current thread )
  0x000002d59d6ff7a0 JavaThread "main" [_thread_blocked, id=16568, stack(0x000000f9a1000000,0x000000f9a1100000)]
  0x000002d5b68f5010 JavaThread "Reference Handler" daemon [_thread_blocked, id=15040, stack(0x000000f9a1300000,0x000000f9a1400000)]
  0x000002d5b68f6600 JavaThread "Finalizer" daemon [_thread_blocked, id=16216, stack(0x000000f9a1400000,0x000000f9a1500000)]
  0x000002d5b6922f20 JavaThread "Signal Dispatcher" daemon [_thread_blocked, id=20436, stack(0x000000f9a1500000,0x000000f9a1600000)]
  0x000002d5b69238f0 JavaThread "Attach Listener" daemon [_thread_blocked, id=20704, stack(0x000000f9a1600000,0x000000f9a1700000)]
  0x000002d5b6924c00 JavaThread "Service Thread" daemon [_thread_blocked, id=2300, stack(0x000000f9a1700000,0x000000f9a1800000)]
  0x000002d5b6929f10 JavaThread "Monitor Deflation Thread" daemon [_thread_blocked, id=20848, stack(0x000000f9a1800000,0x000000f9a1900000)]
=>0x000002d5b692b560 JavaThread "C2 CompilerThread0" daemon [_thread_in_native, id=18220, stack(0x000000f9a1900000,0x000000f9a1a00000)]
  0x000002d5b69306e0 JavaThread "C1 CompilerThread0" daemon [_thread_blocked, id=21460, stack(0x000000f9a1a00000,0x000000f9a1b00000)]
  0x000002d5b6931790 JavaThread "Sweeper thread" daemon [_thread_blocked, id=17124, stack(0x000000f9a1b00000,0x000000f9a1c00000)]
  0x000002d5b146c2b0 JavaThread "Common-Cleaner" daemon [_thread_blocked, id=20740, stack(0x000000f9a1c00000,0x000000f9a1d00000)]
  0x000002d5b7ea6710 JavaThread "Notification Thread" daemon [_thread_blocked, id=19280, stack(0x000000f9a1d00000,0x000000f9a1e00000)]
  0x000002d5b831bea0 JavaThread "Active Thread: Equinox Container: 468d76bb-09f1-442e-9816-847294707ecd" [_thread_blocked, id=12560, stack(0x000000f9a2500000,0x000000f9a2600000)]
  0x000002d5b85d4b70 JavaThread "Framework Event Dispatcher: Equinox Container: 468d76bb-09f1-442e-9816-847294707ecd" daemon [_thread_blocked, id=19796, stack(0x000000f9a2600000,0x000000f9a2700000)]
  0x000002d5b85d5320 JavaThread "Start Level: Equinox Container: 468d76bb-09f1-442e-9816-847294707ecd" daemon [_thread_blocked, id=23568, stack(0x000000f9a2700000,0x000000f9a2800000)]
  0x000002d5b8223880 JavaThread "Bundle File Closer" daemon [_thread_blocked, id=6964, stack(0x000000f9a2900000,0x000000f9a2a00000)]
  0x000002d5b88c41c0 JavaThread "SCR Component Actor" daemon [_thread_blocked, id=16532, stack(0x000000f9a2a00000,0x000000f9a2b00000)]
  0x000002d5b80f24c0 JavaThread "Worker-JM" [_thread_blocked, id=2312, stack(0x000000f9a2d00000,0x000000f9a2e00000)]
  0x000002d5b80f33f0 JavaThread "Worker-0" [_thread_blocked, id=7292, stack(0x000000f9a2f00000,0x000000f9a3000000)]
  0x000002d5b80f2ee0 JavaThread "Worker-3: Publish Diagnostics" [_thread_in_Java, id=6244, stack(0x000000f9a3200000,0x000000f9a3300000)]
  0x000002d5b80f5760 JavaThread "Java indexing" daemon [_thread_in_native, id=16128, stack(0x000000f9a3300000,0x000000f9a3400000)]
  0x000002d5b80f3e10 JavaThread "JNA Cleaner" daemon [_thread_blocked, id=22552, stack(0x000000f9a2c00000,0x000000f9a2d00000)]
  0x000002d5b80f4320 JavaThread "Thread-2" daemon [_thread_in_native, id=23364, stack(0x000000f9a3400000,0x000000f9a3500000)]
  0x000002d5b80f5250 JavaThread "Thread-3" daemon [_thread_in_native, id=792, stack(0x000000f9a3500000,0x000000f9a3600000)]
  0x000002d5bb5735b0 JavaThread "Thread-4" daemon [_thread_in_native, id=23452, stack(0x000000f9a3600000,0x000000f9a3700000)]
  0x000002d5bb573ac0 JavaThread "Thread-5" daemon [_thread_in_native, id=24572, stack(0x000000f9a3700000,0x000000f9a3800000)]
  0x000002d5bb572b90 JavaThread "Thread-6" daemon [_thread_in_native, id=976, stack(0x000000f9a3800000,0x000000f9a3900000)]
  0x000002d5bb56dfa0 JavaThread "Thread-7" daemon [_thread_in_native, id=8796, stack(0x000000f9a3900000,0x000000f9a3a00000)]
  0x000002d5bb56e4b0 JavaThread "Thread-8" daemon [_thread_in_native, id=9676, stack(0x000000f9a3a00000,0x000000f9a3b00000)]
  0x000002d5bb56e9c0 JavaThread "Thread-9" daemon [_thread_in_native, id=15708, stack(0x000000f9a3b00000,0x000000f9a3c00000)]
  0x000002d5bb573fd0 JavaThread "Thread-10" daemon [_thread_in_native, id=20932, stack(0x000000f9a3c00000,0x000000f9a3d00000)]
  0x000002d5bb56f3e0 JavaThread "Thread-11" daemon [_thread_in_native, id=20888, stack(0x000000f9a3d00000,0x000000f9a3e00000)]
  0x000002d5bb56cb60 JavaThread "Thread-12" daemon [_thread_in_native, id=5048, stack(0x000000f9a3e00000,0x000000f9a3f00000)]
  0x000002d5bb56eed0 JavaThread "Thread-13" daemon [_thread_in_native, id=14892, stack(0x000000f9a3f00000,0x000000f9a4000000)]
  0x000002d5bb56f8f0 JavaThread "Thread-14" daemon [_thread_in_native, id=13380, stack(0x000000f9a4000000,0x000000f9a4100000)]
  0x000002d5bb56fe00 JavaThread "pool-2-thread-1" [_thread_blocked, id=4172, stack(0x000000f9a4100000,0x000000f9a4200000)]
  0x000002d5bb5730a0 JavaThread "WorkspaceEventsHandler" [_thread_blocked, id=5976, stack(0x000000f9a4200000,0x000000f9a4300000)]
  0x000002d5bb56da90 JavaThread "pool-1-thread-1" [_thread_in_native, id=1464, stack(0x000000f9a4300000,0x000000f9a4400000)]
  0x000002d5bb5744e0 JavaThread "ForkJoinPool.commonPool-worker-1" daemon [_thread_blocked, id=11472, stack(0x000000f9a4400000,0x000000f9a4500000)]
  0x000002d5bb56d070 JavaThread "ForkJoinPool.commonPool-worker-2" daemon [_thread_blocked, id=3564, stack(0x000000f9a4500000,0x000000f9a4600000)]
  0x000002d5bb571750 JavaThread "ForkJoinPool.commonPool-worker-3" daemon [_thread_blocked, id=20148, stack(0x000000f9a4600000,0x000000f9a4700000)]
  0x000002d5bb572680 JavaThread "ForkJoinPool.commonPool-worker-5" daemon [_thread_blocked, id=17468, stack(0x000000f9a4800000,0x000000f9a4900000)]
  0x000002d5bb571240 JavaThread "ForkJoinPool.commonPool-worker-6" daemon [_thread_blocked, id=17400, stack(0x000000f9a4900000,0x000000f9a4a00000)]
  0x000002d5bb572170 JavaThread "ForkJoinPool.commonPool-worker-7" daemon [_thread_blocked, id=8892, stack(0x000000f9a4b00000,0x000000f9a4c00000)]
  0x000002d5b8eafe40 JavaThread "ForkJoinPool.commonPool-worker-8" daemon [_thread_blocked, id=12764, stack(0x000000f9a4c00000,0x000000f9a4d00000)]
  0x000002d5b8eacba0 JavaThread "ForkJoinPool.commonPool-worker-9" daemon [_thread_blocked, id=24304, stack(0x000000f9a4d00000,0x000000f9a4e00000)]
  0x000002d5b8eaf420 JavaThread "ForkJoinPool.commonPool-worker-12" daemon [_thread_blocked, id=22216, stack(0x000000f9a0e00000,0x000000f9a0f00000)]
  0x000002d5b8eaf930 JavaThread "ForkJoinPool.commonPool-worker-13" daemon [_thread_blocked, id=21684, stack(0x000000f9a3000000,0x000000f9a3100000)]
  0x000002d5b8ead0b0 JavaThread "ForkJoinPool.commonPool-worker-14" daemon [_thread_in_Java, id=4844, stack(0x000000f9a0f00000,0x000000f9a1000000)]

Other Threads:
  0x000002d5b158dee0 VMThread "VM Thread" [stack: 0x000000f9a1200000,0x000000f9a1300000] [id=6692]
  0x000002d5b7eaa5b0 WatcherThread [stack: 0x000000f9a1e00000,0x000000f9a1f00000] [id=18916]
  0x000002d59d714ba0 GCTaskThread "GC Thread#0" [stack: 0x000000f9a1100000,0x000000f9a1200000] [id=9440]
  0x000002d5b8486080 GCTaskThread "GC Thread#1" [stack: 0x000000f9a1f00000,0x000000f9a2000000] [id=20876]
  0x000002d5b8486340 GCTaskThread "GC Thread#2" [stack: 0x000000f9a2000000,0x000000f9a2100000] [id=19680]
  0x000002d5b847c450 GCTaskThread "GC Thread#3" [stack: 0x000000f9a2100000,0x000000f9a2200000] [id=16528]
  0x000002d5b847c710 GCTaskThread "GC Thread#4" [stack: 0x000000f9a2200000,0x000000f9a2300000] [id=20168]
  0x000002d5b847c9d0 GCTaskThread "GC Thread#5" [stack: 0x000000f9a2300000,0x000000f9a2400000] [id=4508]
  0x000002d5b847d090 GCTaskThread "GC Thread#6" [stack: 0x000000f9a2400000,0x000000f9a2500000] [id=19872]
  0x000002d5b6a69eb0 GCTaskThread "GC Thread#7" [stack: 0x000000f9a2800000,0x000000f9a2900000] [id=12880]
  0x000002d5b88c4a70 GCTaskThread "GC Thread#8" [stack: 0x000000f9a2b00000,0x000000f9a2c00000] [id=8700]
  0x000002d5b8313e90 GCTaskThread "GC Thread#9" [stack: 0x000000f9a2e00000,0x000000f9a2f00000] [id=24440]

Threads with active compile tasks:
C2 CompilerThread0   453147 11260 % !   4       org.eclipse.jdt.internal.core.JavaModelManager::determineIfOnClasspath @ 141 (399 bytes)

VM state: not at safepoint (normal execution)

VM Mutex/Monitor currently owned by a thread: None

Heap address: 0x00000000c0000000, size: 1024 MB, Compressed Oops mode: 32-bit

CDS archive(s) not mapped
Compressed class space mapped at: 0x0000000100000000-0x0000000140000000, reserved size: 1073741824
Narrow klass base: 0x0000000000000000, Narrow klass shift: 3, Narrow klass range: 0x140000000

GC Precious Log:
 CPUs: 12 total, 12 available
 Memory: 3767M
 Large Page Support: Disabled
 NUMA Support: Disabled
 Compressed Oops: Enabled (32-bit)
 Alignments: Space 512K, Generation 512K, Heap 2M
 Heap Min Capacity: 100M
 Heap Initial Capacity: 100M
 Heap Max Capacity: 1G
 Pre-touch: Disabled
 Parallel Workers: 10

Heap:
 PSYoungGen      total 2560K, used 415K [0x00000000eab00000, 0x00000000eaf80000, 0x0000000100000000)
  eden space 2048K, 4% used [0x00000000eab00000,0x00000000eab17ed8,0x00000000ead00000)
  from space 512K, 62% used [0x00000000eaf00000,0x00000000eaf50000,0x00000000eaf80000)
  to   space 512K, 0% used [0x00000000eae80000,0x00000000eae80000,0x00000000eaf00000)
 ParOldGen       total 108544K, used 106295K [0x00000000c0000000, 0x00000000c6a00000, 0x00000000eab00000)
  object space 108544K, 97% used [0x00000000c0000000,0x00000000c67cdfc0,0x00000000c6a00000)
 Metaspace       used 69875K, committed 70976K, reserved 1114112K
  class space    used 7275K, committed 7808K, reserved 1048576K

Card table byte_map: [0x000002d59d090000,0x000002d59d2a0000] _byte_map_base: 0x000002d59ca90000

Marking Bits: (ParMarkBitMap*) 0x00007ff8dd23d820
 Begin Bits: [0x000002d5af390000, 0x000002d5b0390000)
 End Bits:   [0x000002d5b0390000, 0x000002d5b1390000)

Polling page: 0x000002d59b660000

Metaspace:

Usage:
  Non-class:     61.13 MB used.
      Class:      7.11 MB used.
       Both:     68.24 MB used.

Virtual space:
  Non-class space:       64.00 MB reserved,      61.69 MB ( 96%) committed,  1 nodes.
      Class space:        1.00 GB reserved,       7.62 MB ( <1%) committed,  1 nodes.
             Both:        1.06 GB reserved,      69.31 MB (  6%) committed. 

Chunk freelists:
   Non-Class:  1.75 MB
       Class:  8.34 MB
        Both:  10.09 MB

MaxMetaspaceSize: unlimited
CompressedClassSpaceSize: 1.00 GB
Initial GC threshold: 21.00 MB
Current GC threshold: 113.38 MB
CDS: off
MetaspaceReclaimPolicy: balanced
 - commit_granule_bytes: 65536.
 - commit_granule_words: 8192.
 - virtual_space_node_default_size: 8388608.
 - enlarge_chunks_in_place: 1.
 - new_chunks_are_fully_committed: 0.
 - uncommit_free_chunks: 1.
 - use_allocation_guard: 0.
 - handle_deallocations: 1.


Internal statistics:

num_allocs_failed_limit: 9.
num_arena_births: 712.
num_arena_deaths: 16.
num_vsnodes_births: 2.
num_vsnodes_deaths: 0.
num_space_committed: 1109.
num_space_uncommitted: 0.
num_chunks_returned_to_freelist: 26.
num_chunks_taken_from_freelist: 3552.
num_chunk_merges: 14.
num_chunk_splits: 2177.
num_chunks_enlarged: 1269.
num_inconsistent_stats: 0.

CodeHeap 'non-profiled nmethods': size=120000Kb used=5986Kb max_used=5986Kb free=114013Kb
 bounds [0x000002d5a7e60000, 0x000002d5a8440000, 0x000002d5af390000]
CodeHeap 'profiled nmethods': size=120000Kb used=19438Kb max_used=19438Kb free=100561Kb
 bounds [0x000002d5a0390000, 0x000002d5a1690000, 0x000002d5a78c0000]
CodeHeap 'non-nmethods': size=5760Kb used=1360Kb max_used=1412Kb free=4399Kb
 bounds [0x000002d5a78c0000, 0x000002d5a7b30000, 0x000002d5a7e60000]
 total_blobs=9977 nmethods=9272 adapters=617
 compilation: enabled
              stopped_count=0, restarted_count=0
 full_count=0

Compilation events (20 events):
Event: 453.055 Thread 0x000002d5b69306e0 11295       3       org.eclipse.jdt.core.compiler.CharOperation::splitOn (159 bytes)
Event: 453.056 Thread 0x000002d5b69306e0 nmethod 11295 0x000002d5a1687410 code [0x000002d5a1687620, 0x000002d5a16880d8]
Event: 453.056 Thread 0x000002d5b69306e0 11299       3       org.eclipse.jdt.core.compiler.CharOperation::indexOf (270 bytes)
Event: 453.057 Thread 0x000002d5b69306e0 nmethod 11299 0x000002d5a1688490 code [0x000002d5a1688740, 0x000002d5a1689498]
Event: 453.057 Thread 0x000002d5b69306e0 11296       3       org.eclipse.jdt.internal.compiler.lookup.ReferenceBinding::compare (53 bytes)
Event: 453.057 Thread 0x000002d5b69306e0 nmethod 11296 0x000002d5a1689990 code [0x000002d5a1689b40, 0x000002d5a1689e78]
Event: 453.057 Thread 0x000002d5b69306e0 11297       3       org.eclipse.jdt.internal.compiler.lookup.ReferenceBinding$3::compare (13 bytes)
Event: 453.057 Thread 0x000002d5b69306e0 nmethod 11297 0x000002d5a168a010 code [0x000002d5a168a1c0, 0x000002d5a168a4c8]
Event: 453.057 Thread 0x000002d5b69306e0 11298       3       org.eclipse.jdt.internal.compiler.lookup.ReferenceBinding$3::compare (46 bytes)
Event: 453.057 Thread 0x000002d5b69306e0 nmethod 11298 0x000002d5a168a590 code [0x000002d5a168a740, 0x000002d5a168a908]
Event: 453.058 Thread 0x000002d5b69306e0 11294       3       org.eclipse.jdt.internal.compiler.lookup.LookupEnvironment::getTypeFromSignature (376 bytes)
Event: 453.060 Thread 0x000002d5b69306e0 nmethod 11294 0x000002d5a168aa90 code [0x000002d5a168ad40, 0x000002d5a168bd88]
Event: 453.060 Thread 0x000002d5b69306e0 11293       3       org.eclipse.jdt.internal.compiler.classfmt.MethodInfo::getModifiers (17 bytes)
Event: 453.060 Thread 0x000002d5b69306e0 nmethod 11293 0x000002d5a168c290 code [0x000002d5a168c440, 0x000002d5a168c5c8]
Event: 453.060 Thread 0x000002d5b69306e0 11300       3       org.eclipse.jdt.core.compiler.CharOperation::toString (16 bytes)
Event: 453.060 Thread 0x000002d5b69306e0 nmethod 11300 0x000002d5a168c690 code [0x000002d5a168c840, 0x000002d5a168c9f8]
Event: 453.060 Thread 0x000002d5b69306e0 11301       1       org.eclipse.jdt.internal.compiler.lookup.TypeBinding::kind (2 bytes)
Event: 453.060 Thread 0x000002d5b69306e0 nmethod 11301 0x000002d5a8438310 code [0x000002d5a84384a0, 0x000002d5a8438578]
Event: 453.063 Thread 0x000002d5b69306e0 11302       3       org.eclipse.jdt.internal.compiler.util.SimpleSetOfCharArray::get (84 bytes)
Event: 453.063 Thread 0x000002d5b69306e0 nmethod 11302 0x000002d5a168cb10 code [0x000002d5a168cd00, 0x000002d5a168d2c8]

GC Heap History (20 events):
Event: 345.386 GC heap before
{Heap before GC invocations=117 (full 7):
 PSYoungGen      total 4096K, used 3830K [0x00000000eab00000, 0x00000000eb200000, 0x0000000100000000)
  eden space 2048K, 100% used [0x00000000eab00000,0x00000000ead00000,0x00000000ead00000)
  from space 2048K, 87% used [0x00000000ead00000,0x00000000eaebd800,0x00000000eaf00000)
  to   space 2560K, 0% used [0x00000000eaf80000,0x00000000eaf80000,0x00000000eb200000)
 ParOldGen       total 108544K, used 98534K [0x00000000c0000000, 0x00000000c6a00000, 0x00000000eab00000)
  object space 108544K, 90% used [0x00000000c0000000,0x00000000c6039ad0,0x00000000c6a00000)
 Metaspace       used 68668K, committed 69824K, reserved 1114112K
  class space    used 7158K, committed 7680K, reserved 1048576K
}
Event: 345.426 GC heap after
{Heap after GC invocations=117 (full 7):
 PSYoungGen      total 4608K, used 2034K [0x00000000eab00000, 0x00000000eb200000, 0x0000000100000000)
  eden space 2048K, 0% used [0x00000000eab00000,0x00000000eab00000,0x00000000ead00000)
  from space 2560K, 79% used [0x00000000eaf80000,0x00000000eb17cae0,0x00000000eb200000)
  to   space 2560K, 0% used [0x00000000ead00000,0x00000000ead00000,0x00000000eaf80000)
 ParOldGen       total 108544K, used 99790K [0x00000000c0000000, 0x00000000c6a00000, 0x00000000eab00000)
  object space 108544K, 91% used [0x00000000c0000000,0x00000000c6173ad0,0x00000000c6a00000)
 Metaspace       used 68668K, committed 69824K, reserved 1114112K
  class space    used 7158K, committed 7680K, reserved 1048576K
}
Event: 345.510 GC heap before
{Heap before GC invocations=118 (full 7):
 PSYoungGen      total 4608K, used 4082K [0x00000000eab00000, 0x00000000eb200000, 0x0000000100000000)
  eden space 2048K, 100% used [0x00000000eab00000,0x00000000ead00000,0x00000000ead00000)
  from space 2560K, 79% used [0x00000000eaf80000,0x00000000eb17cae0,0x00000000eb200000)
  to   space 2560K, 0% used [0x00000000ead00000,0x00000000ead00000,0x00000000eaf80000)
 ParOldGen       total 108544K, used 99790K [0x00000000c0000000, 0x00000000c6a00000, 0x00000000eab00000)
  object space 108544K, 91% used [0x00000000c0000000,0x00000000c6173ad0,0x00000000c6a00000)
 Metaspace       used 68668K, committed 69824K, reserved 1114112K
  class space    used 7158K, committed 7680K, reserved 1048576K
}
Event: 345.537 GC heap after
{Heap after GC invocations=118 (full 7):
 PSYoungGen      total 4608K, used 2240K [0x00000000eab00000, 0x00000000eb200000, 0x0000000100000000)
  eden space 2048K, 0% used [0x00000000eab00000,0x00000000eab00000,0x00000000ead00000)
  from space 2560K, 87% used [0x00000000ead00000,0x00000000eaf30000,0x00000000eaf80000)
  to   space 2560K, 0% used [0x00000000eaf80000,0x00000000eaf80000,0x00000000eb200000)
 ParOldGen       total 108544K, used 101721K [0x00000000c0000000, 0x00000000c6a00000, 0x00000000eab00000)
  object space 108544K, 93% used [0x00000000c0000000,0x00000000c63565b0,0x00000000c6a00000)
 Metaspace       used 68668K, committed 69824K, reserved 1114112K
  class space    used 7158K, committed 7680K, reserved 1048576K
}
Event: 351.077 GC heap before
{Heap before GC invocations=119 (full 7):
 PSYoungGen      total 4608K, used 4287K [0x00000000eab00000, 0x00000000eb200000, 0x0000000100000000)
  eden space 2048K, 99% used [0x00000000eab00000,0x00000000eacfffe8,0x00000000ead00000)
  from space 2560K, 87% used [0x00000000ead00000,0x00000000eaf30000,0x00000000eaf80000)
  to   space 2560K, 0% used [0x00000000eaf80000,0x00000000eaf80000,0x00000000eb200000)
 ParOldGen       total 108544K, used 101721K [0x00000000c0000000, 0x00000000c6a00000, 0x00000000eab00000)
  object space 108544K, 93% used [0x00000000c0000000,0x00000000c63565b0,0x00000000c6a00000)
 Metaspace       used 68677K, committed 69824K, reserved 1114112K
  class space    used 7160K, committed 7680K, reserved 1048576K
}
Event: 351.108 GC heap after
{Heap after GC invocations=119 (full 7):
 PSYoungGen      total 3584K, used 1360K [0x00000000eab00000, 0x00000000eb100000, 0x0000000100000000)
  eden space 2048K, 0% used [0x00000000eab00000,0x00000000eab00000,0x00000000ead00000)
  from space 1536K, 88% used [0x00000000eaf80000,0x00000000eb0d4000,0x00000000eb100000)
  to   space 2048K, 0% used [0x00000000ead00000,0x00000000ead00000,0x00000000eaf00000)
 ParOldGen       total 108544K, used 103817K [0x00000000c0000000, 0x00000000c6a00000, 0x00000000eab00000)
  object space 108544K, 95% used [0x00000000c0000000,0x00000000c65625b0,0x00000000c6a00000)
 Metaspace       used 68677K, committed 69824K, reserved 1114112K
  class space    used 7160K, committed 7680K, reserved 1048576K
}
Event: 451.899 GC heap before
{Heap before GC invocations=120 (full 7):
 PSYoungGen      total 3584K, used 3407K [0x00000000eab00000, 0x00000000eb100000, 0x0000000100000000)
  eden space 2048K, 99% used [0x00000000eab00000,0x00000000eacffe70,0x00000000ead00000)
  from space 1536K, 88% used [0x00000000eaf80000,0x00000000eb0d4000,0x00000000eb100000)
  to   space 2048K, 0% used [0x00000000ead00000,0x00000000ead00000,0x00000000eaf00000)
 ParOldGen       total 108544K, used 103817K [0x00000000c0000000, 0x00000000c6a00000, 0x00000000eab00000)
  object space 108544K, 95% used [0x00000000c0000000,0x00000000c65625b0,0x00000000c6a00000)
 Metaspace       used 68822K, committed 69952K, reserved 1114112K
  class space    used 7178K, committed 7680K, reserved 1048576K
}
Event: 451.944 GC heap after
{Heap after GC invocations=120 (full 7):
 PSYoungGen      total 4096K, used 288K [0x00000000eab00000, 0x00000000eb000000, 0x0000000100000000)
  eden space 2048K, 0% used [0x00000000eab00000,0x00000000eab00000,0x00000000ead00000)
  from space 2048K, 14% used [0x00000000ead00000,0x00000000ead48000,0x00000000eaf00000)
  to   space 1024K, 0% used [0x00000000eaf00000,0x00000000eaf00000,0x00000000eb000000)
 ParOldGen       total 108544K, used 105036K [0x00000000c0000000, 0x00000000c6a00000, 0x00000000eab00000)
  object space 108544K, 96% used [0x00000000c0000000,0x00000000c66932c0,0x00000000c6a00000)
 Metaspace       used 68822K, committed 69952K, reserved 1114112K
  class space    used 7178K, committed 7680K, reserved 1048576K
}
Event: 452.504 GC heap before
{Heap before GC invocations=121 (full 7):
 PSYoungGen      total 4096K, used 2336K [0x00000000eab00000, 0x00000000eb000000, 0x0000000100000000)
  eden space 2048K, 100% used [0x00000000eab00000,0x00000000ead00000,0x00000000ead00000)
  from space 2048K, 14% used [0x00000000ead00000,0x00000000ead48000,0x00000000eaf00000)
  to   space 1024K, 0% used [0x00000000eaf00000,0x00000000eaf00000,0x00000000eb000000)
 ParOldGen       total 108544K, used 105036K [0x00000000c0000000, 0x00000000c6a00000, 0x00000000eab00000)
  object space 108544K, 96% used [0x00000000c0000000,0x00000000c66932c0,0x00000000c6a00000)
 Metaspace       used 68911K, committed 70016K, reserved 1114112K
  class space    used 7188K, committed 7680K, reserved 1048576K
}
Event: 452.509 GC heap after
{Heap after GC invocations=121 (full 7):
 PSYoungGen      total 3072K, used 527K [0x00000000eab00000, 0x00000000eb000000, 0x0000000100000000)
  eden space 2048K, 0% used [0x00000000eab00000,0x00000000eab00000,0x00000000ead00000)
  from space 1024K, 51% used [0x00000000eaf00000,0x00000000eaf83f28,0x00000000eb000000)
  to   space 1024K, 0% used [0x00000000eae00000,0x00000000eae00000,0x00000000eaf00000)
 ParOldGen       total 108544K, used 105092K [0x00000000c0000000, 0x00000000c6a00000, 0x00000000eab00000)
  object space 108544K, 96% used [0x00000000c0000000,0x00000000c66a12c0,0x00000000c6a00000)
 Metaspace       used 68911K, committed 70016K, reserved 1114112K
  class space    used 7188K, committed 7680K, reserved 1048576K
}
Event: 452.626 GC heap before
{Heap before GC invocations=122 (full 7):
 PSYoungGen      total 3072K, used 2575K [0x00000000eab00000, 0x00000000eb000000, 0x0000000100000000)
  eden space 2048K, 99% used [0x00000000eab00000,0x00000000eacfffe8,0x00000000ead00000)
  from space 1024K, 51% used [0x00000000eaf00000,0x00000000eaf83f28,0x00000000eb000000)
  to   space 1024K, 0% used [0x00000000eae00000,0x00000000eae00000,0x00000000eaf00000)
 ParOldGen       total 108544K, used 105092K [0x00000000c0000000, 0x00000000c6a00000, 0x00000000eab00000)
  object space 108544K, 96% used [0x00000000c0000000,0x00000000c66a12e8,0x00000000c6a00000)
 Metaspace       used 69122K, committed 70208K, reserved 1114112K
  class space    used 7199K, committed 7680K, reserved 1048576K
}
Event: 452.630 GC heap after
{Heap after GC invocations=122 (full 7):
 PSYoungGen      total 3072K, used 544K [0x00000000eab00000, 0x00000000eaf80000, 0x0000000100000000)
  eden space 2048K, 0% used [0x00000000eab00000,0x00000000eab00000,0x00000000ead00000)
  from space 1024K, 53% used [0x00000000eae00000,0x00000000eae88010,0x00000000eaf00000)
  to   space 512K, 0% used [0x00000000eaf00000,0x00000000eaf00000,0x00000000eaf80000)
 ParOldGen       total 108544K, used 105337K [0x00000000c0000000, 0x00000000c6a00000, 0x00000000eab00000)
  object space 108544K, 97% used [0x00000000c0000000,0x00000000c66de7a8,0x00000000c6a00000)
 Metaspace       used 69122K, committed 70208K, reserved 1114112K
  class space    used 7199K, committed 7680K, reserved 1048576K
}
Event: 452.724 GC heap before
{Heap before GC invocations=123 (full 7):
 PSYoungGen      total 3072K, used 2592K [0x00000000eab00000, 0x00000000eaf80000, 0x0000000100000000)
  eden space 2048K, 100% used [0x00000000eab00000,0x00000000ead00000,0x00000000ead00000)
  from space 1024K, 53% used [0x00000000eae00000,0x00000000eae88010,0x00000000eaf00000)
  to   space 512K, 0% used [0x00000000eaf00000,0x00000000eaf00000,0x00000000eaf80000)
 ParOldGen       total 108544K, used 105340K [0x00000000c0000000, 0x00000000c6a00000, 0x00000000eab00000)
  object space 108544K, 97% used [0x00000000c0000000,0x00000000c66df1c8,0x00000000c6a00000)
 Metaspace       used 69274K, committed 70400K, reserved 1114112K
  class space    used 7216K, committed 7744K, reserved 1048576K
}
Event: 452.728 GC heap after
{Heap after GC invocations=123 (full 7):
 PSYoungGen      total 2560K, used 512K [0x00000000eab00000, 0x00000000eaf80000, 0x0000000100000000)
  eden space 2048K, 0% used [0x00000000eab00000,0x00000000eab00000,0x00000000ead00000)
  from space 512K, 100% used [0x00000000eaf00000,0x00000000eaf80000,0x00000000eaf80000)
  to   space 1024K, 0% used [0x00000000ead80000,0x00000000ead80000,0x00000000eae80000)
 ParOldGen       total 108544K, used 105636K [0x00000000c0000000, 0x00000000c6a00000, 0x00000000eab00000)
  object space 108544K, 97% used [0x00000000c0000000,0x00000000c67291c8,0x00000000c6a00000)
 Metaspace       used 69274K, committed 70400K, reserved 1114112K
  class space    used 7216K, committed 7744K, reserved 1048576K
}
Event: 452.835 GC heap before
{Heap before GC invocations=124 (full 7):
 PSYoungGen      total 2560K, used 2519K [0x00000000eab00000, 0x00000000eaf80000, 0x0000000100000000)
  eden space 2048K, 98% used [0x00000000eab00000,0x00000000eacf5ff8,0x00000000ead00000)
  from space 512K, 100% used [0x00000000eaf00000,0x00000000eaf80000,0x00000000eaf80000)
  to   space 1024K, 0% used [0x00000000ead80000,0x00000000ead80000,0x00000000eae80000)
 ParOldGen       total 108544K, used 105636K [0x00000000c0000000, 0x00000000c6a00000, 0x00000000eab00000)
  object space 108544K, 97% used [0x00000000c0000000,0x00000000c67291c8,0x00000000c6a00000)
 Metaspace       used 69565K, committed 70656K, reserved 1114112K
  class space    used 7241K, committed 7744K, reserved 1048576K
}
Event: 452.838 GC heap after
{Heap after GC invocations=124 (full 7):
 PSYoungGen      total 3072K, used 290K [0x00000000eab00000, 0x00000000eaf80000, 0x0000000100000000)
  eden space 2048K, 0% used [0x00000000eab00000,0x00000000eab00000,0x00000000ead00000)
  from space 1024K, 28% used [0x00000000ead80000,0x00000000eadc89f0,0x00000000eae80000)
  to   space 512K, 0% used [0x00000000eaf00000,0x00000000eaf00000,0x00000000eaf80000)
 ParOldGen       total 108544K, used 105945K [0x00000000c0000000, 0x00000000c6a00000, 0x00000000eab00000)
  object space 108544K, 97% used [0x00000000c0000000,0x00000000c6776668,0x00000000c6a00000)
 Metaspace       used 69565K, committed 70656K, reserved 1114112K
  class space    used 7241K, committed 7744K, reserved 1048576K
}
Event: 452.918 GC heap before
{Heap before GC invocations=125 (full 7):
 PSYoungGen      total 3072K, used 2338K [0x00000000eab00000, 0x00000000eaf80000, 0x0000000100000000)
  eden space 2048K, 100% used [0x00000000eab00000,0x00000000ead00000,0x00000000ead00000)
  from space 1024K, 28% used [0x00000000ead80000,0x00000000eadc89f0,0x00000000eae80000)
  to   space 512K, 0% used [0x00000000eaf00000,0x00000000eaf00000,0x00000000eaf80000)
 ParOldGen       total 108544K, used 105945K [0x00000000c0000000, 0x00000000c6a00000, 0x00000000eab00000)
  object space 108544K, 97% used [0x00000000c0000000,0x00000000c6776668,0x00000000c6a00000)
 Metaspace       used 69629K, committed 70720K, reserved 1114112K
  class space    used 7248K, committed 7744K, reserved 1048576K
}
Event: 452.919 GC heap after
{Heap after GC invocations=125 (full 7):
 PSYoungGen      total 2560K, used 352K [0x00000000eab00000, 0x00000000eaf80000, 0x0000000100000000)
  eden space 2048K, 0% used [0x00000000eab00000,0x00000000eab00000,0x00000000ead00000)
  from space 512K, 68% used [0x00000000eaf00000,0x00000000eaf58000,0x00000000eaf80000)
  to   space 512K, 0% used [0x00000000eae80000,0x00000000eae80000,0x00000000eaf00000)
 ParOldGen       total 108544K, used 105991K [0x00000000c0000000, 0x00000000c6a00000, 0x00000000eab00000)
  object space 108544K, 97% used [0x00000000c0000000,0x00000000c6781df0,0x00000000c6a00000)
 Metaspace       used 69629K, committed 70720K, reserved 1114112K
  class space    used 7248K, committed 7744K, reserved 1048576K
}
Event: 453.034 GC heap before
{Heap before GC invocations=126 (full 7):
 PSYoungGen      total 2560K, used 2400K [0x00000000eab00000, 0x00000000eaf80000, 0x0000000100000000)
  eden space 2048K, 100% used [0x00000000eab00000,0x00000000ead00000,0x00000000ead00000)
  from space 512K, 68% used [0x00000000eaf00000,0x00000000eaf58000,0x00000000eaf80000)
  to   space 512K, 0% used [0x00000000eae80000,0x00000000eae80000,0x00000000eaf00000)
 ParOldGen       total 108544K, used 105991K [0x00000000c0000000, 0x00000000c6a00000, 0x00000000eab00000)
  object space 108544K, 97% used [0x00000000c0000000,0x00000000c6781df0,0x00000000c6a00000)
 Metaspace       used 69719K, committed 70784K, reserved 1114112K
  class space    used 7256K, committed 7744K, reserved 1048576K
}
Event: 453.037 GC heap after
{Heap after GC invocations=126 (full 7):
 PSYoungGen      total 2560K, used 448K [0x00000000eab00000, 0x00000000eaf80000, 0x0000000100000000)
  eden space 2048K, 0% used [0x00000000eab00000,0x00000000eab00000,0x00000000ead00000)
  from space 512K, 87% used [0x00000000eae80000,0x00000000eaef01d0,0x00000000eaf00000)
  to   space 512K, 0% used [0x00000000eaf00000,0x00000000eaf00000,0x00000000eaf80000)
 ParOldGen       total 108544K, used 106095K [0x00000000c0000000, 0x00000000c6a00000, 0x00000000eab00000)
  object space 108544K, 97% used [0x00000000c0000000,0x00000000c679bdf0,0x00000000c6a00000)
 Metaspace       used 69719K, committed 70784K, reserved 1114112K
  class space    used 7256K, committed 7744K, reserved 1048576K
}

Dll operation events (11 events):
Event: 0.185 Loaded shared library c:\Users\harip\.vscode\extensions\redhat.java-1.31.0-win32-x64\jre\17.0.11-win32-x86_64\bin\java.dll
Event: 0.656 Loaded shared library c:\Users\harip\.vscode\extensions\redhat.java-1.31.0-win32-x64\jre\17.0.11-win32-x86_64\bin\zip.dll
Event: 0.663 Loaded shared library C:\Users\harip\.vscode\extensions\redhat.java-1.31.0-win32-x64\jre\17.0.11-win32-x86_64\bin\instrument.dll
Event: 0.697 Loaded shared library C:\Users\harip\.vscode\extensions\redhat.java-1.31.0-win32-x64\jre\17.0.11-win32-x86_64\bin\net.dll
Event: 0.705 Loaded shared library C:\Users\harip\.vscode\extensions\redhat.java-1.31.0-win32-x64\jre\17.0.11-win32-x86_64\bin\nio.dll
Event: 0.727 Loaded shared library C:\Users\harip\.vscode\extensions\redhat.java-1.31.0-win32-x64\jre\17.0.11-win32-x86_64\bin\zip.dll
Event: 0.763 Loaded shared library C:\Users\harip\.vscode\extensions\redhat.java-1.31.0-win32-x64\jre\17.0.11-win32-x86_64\bin\jimage.dll
Event: 0.883 Loaded shared library c:\Users\harip\.vscode\extensions\redhat.java-1.31.0-win32-x64\jre\17.0.11-win32-x86_64\bin\verify.dll
Event: 9.341 Loaded shared library C:\Users\harip\AppData\Roaming\Code\User\globalStorage\redhat.java\1.31.0\config_win\org.eclipse.equinox.launcher\org.eclipse.equinox.launcher.win32.win32.x86_64_1.2.1000.v20240507-1834\eclipse_11902.dll
Event: 37.102 Loaded shared library C:\Users\harip\AppData\Local\Temp\jna-99048832\jna13376117155598550871.dll
Event: 51.895 Loaded shared library C:\Users\harip\.vscode\extensions\redhat.java-1.31.0-win32-x64\jre\17.0.11-win32-x86_64\bin\sunmscapi.dll

Deoptimization events (20 events):
Event: 452.999 Thread 0x000002d5bb56da90 Uncommon trap: trap_request=0xffffffc6 fr.pc=0x000002d5a8311660 relative=0x00000000000004a0
Event: 452.999 Thread 0x000002d5bb56da90 Uncommon trap: reason=bimorphic_or_optimized_type_check action=maybe_recompile pc=0x000002d5a8311660 method=org.eclipse.core.internal.resources.Resource.equals(Ljava/lang/Object;)Z @ 22 c2
Event: 452.999 Thread 0x000002d5bb56da90 DEOPT PACKING pc=0x000002d5a8311660 sp=0x000000f9a43fd4a0
Event: 452.999 Thread 0x000002d5bb56da90 DEOPT UNPACKING pc=0x000002d5a79166a3 sp=0x000000f9a43fd458 mode 2
Event: 452.999 Thread 0x000002d5bb56da90 Uncommon trap: trap_request=0xffffffc6 fr.pc=0x000002d5a8311660 relative=0x00000000000004a0
Event: 452.999 Thread 0x000002d5bb56da90 Uncommon trap: reason=bimorphic_or_optimized_type_check action=maybe_recompile pc=0x000002d5a8311660 method=org.eclipse.core.internal.resources.Resource.equals(Ljava/lang/Object;)Z @ 22 c2
Event: 452.999 Thread 0x000002d5bb56da90 DEOPT PACKING pc=0x000002d5a8311660 sp=0x000000f9a43fd4a0
Event: 452.999 Thread 0x000002d5bb56da90 DEOPT UNPACKING pc=0x000002d5a79166a3 sp=0x000000f9a43fd458 mode 2
Event: 452.999 Thread 0x000002d5bb56da90 Uncommon trap: trap_request=0xffffffc6 fr.pc=0x000002d5a8311660 relative=0x00000000000004a0
Event: 452.999 Thread 0x000002d5bb56da90 Uncommon trap: reason=bimorphic_or_optimized_type_check action=maybe_recompile pc=0x000002d5a8311660 method=org.eclipse.core.internal.resources.Resource.equals(Ljava/lang/Object;)Z @ 22 c2
Event: 452.999 Thread 0x000002d5bb56da90 DEOPT PACKING pc=0x000002d5a8311660 sp=0x000000f9a43fd4a0
Event: 452.999 Thread 0x000002d5bb56da90 DEOPT UNPACKING pc=0x000002d5a79166a3 sp=0x000000f9a43fd458 mode 2
Event: 452.999 Thread 0x000002d5bb56da90 Uncommon trap: trap_request=0xffffffc6 fr.pc=0x000002d5a8311660 relative=0x00000000000004a0
Event: 452.999 Thread 0x000002d5bb56da90 Uncommon trap: reason=bimorphic_or_optimized_type_check action=maybe_recompile pc=0x000002d5a8311660 method=org.eclipse.core.internal.resources.Resource.equals(Ljava/lang/Object;)Z @ 22 c2
Event: 452.999 Thread 0x000002d5bb56da90 DEOPT PACKING pc=0x000002d5a8311660 sp=0x000000f9a43fd4a0
Event: 452.999 Thread 0x000002d5bb56da90 DEOPT UNPACKING pc=0x000002d5a79166a3 sp=0x000000f9a43fd458 mode 2
Event: 453.054 Thread 0x000002d5b8ead0b0 Uncommon trap: trap_request=0xffffffde fr.pc=0x000002d5a8364100 relative=0x0000000000000980
Event: 453.054 Thread 0x000002d5b8ead0b0 Uncommon trap: reason=class_check action=maybe_recompile pc=0x000002d5a8364100 method=org.eclipse.jdt.internal.core.AbstractClassFile.equals(Ljava/lang/Object;)Z @ 1 c2
Event: 453.054 Thread 0x000002d5b8ead0b0 DEOPT PACKING pc=0x000002d5a8364100 sp=0x000000f9a0ffd1e0
Event: 453.054 Thread 0x000002d5b8ead0b0 DEOPT UNPACKING pc=0x000002d5a79166a3 sp=0x000000f9a0ffd188 mode 2

Classes unloaded (8 events):
Event: 28.562 Thread 0x000002d5b158dee0 Unloading class 0x0000000100250400 'java/lang/invoke/LambdaForm$MH+0x0000000100250400'
Event: 28.564 Thread 0x000002d5b158dee0 Unloading class 0x0000000100250000 'java/lang/invoke/LambdaForm$MH+0x0000000100250000'
Event: 28.564 Thread 0x000002d5b158dee0 Unloading class 0x000000010024fc00 'java/lang/invoke/LambdaForm$MH+0x000000010024fc00'
Event: 28.564 Thread 0x000002d5b158dee0 Unloading class 0x000000010024f800 'java/lang/invoke/LambdaForm$MH+0x000000010024f800'
Event: 28.564 Thread 0x000002d5b158dee0 Unloading class 0x000000010024f400 'java/lang/invoke/LambdaForm$BMH+0x000000010024f400'
Event: 28.564 Thread 0x000002d5b158dee0 Unloading class 0x000000010024f000 'java/lang/invoke/LambdaForm$DMH+0x000000010024f000'
Event: 28.564 Thread 0x000002d5b158dee0 Unloading class 0x000000010024c400 'java/lang/invoke/LambdaForm$DMH+0x000000010024c400'
Event: 32.340 Thread 0x000002d5b158dee0 Unloading class 0x000000010030b000 'java/lang/invoke/LambdaForm$MH+0x000000010030b000'

Classes redefined (0 events):
No events

Internal exceptions (20 events):
Event: 130.557 Thread 0x000002d5b80f5760 Exception <a 'sun/nio/fs/WindowsException'{0x00000000eabd9690}> (0x00000000eabd9690) 
thrown [s\src\hotspot\share\prims\jni.cpp, line 516]
Event: 133.613 Thread 0x000002d5b8eaf420 Exception <a 'java/lang/ArrayIndexOutOfBoundsException'{0x00000000eacfa818}> (0x00000000eacfa818) 
thrown [s\src\hotspot\share\runtime\sharedRuntime.cpp, line 631]
Event: 134.467 Thread 0x000002d5b80f5760 Exception <a 'sun/nio/fs/WindowsException'{0x00000000eabc6c40}> (0x00000000eabc6c40) 
thrown [s\src\hotspot\share\prims\jni.cpp, line 516]
Event: 134.535 Thread 0x000002d5b80f5760 Exception <a 'sun/nio/fs/WindowsException'{0x00000000eabd93e8}> (0x00000000eabd93e8) 
thrown [s\src\hotspot\share\prims\jni.cpp, line 516]
Event: 135.514 Thread 0x000002d5b8eaf420 Exception <a 'java/lang/ArrayIndexOutOfBoundsException'{0x00000000eaf36b68}: Index 326 out of bounds for length 325> (0x00000000eaf36b68) 
thrown [s\src\hotspot\share\interpreter\interpreterRuntime.cpp, line 428]
Event: 136.377 Thread 0x000002d5b80f5760 Exception <a 'sun/nio/fs/WindowsException'{0x00000000eacf3e40}> (0x00000000eacf3e40) 
thrown [s\src\hotspot\share\prims\jni.cpp, line 516]
Event: 136.452 Thread 0x000002d5b80f5760 Exception <a 'sun/nio/fs/WindowsException'{0x00000000eaecc228}> (0x00000000eaecc228) 
thrown [s\src\hotspot\share\prims\jni.cpp, line 516]
Event: 137.802 Thread 0x000002d5b80f5760 Exception <a 'sun/nio/fs/WindowsException'{0x00000000eabba1f0}> (0x00000000eabba1f0) 
thrown [s\src\hotspot\share\prims\jni.cpp, line 516]
Event: 137.909 Thread 0x000002d5b80f5760 Exception <a 'sun/nio/fs/WindowsException'{0x00000000eaba30f0}> (0x00000000eaba30f0) 
thrown [s\src\hotspot\share\prims\jni.cpp, line 516]
Event: 139.709 Thread 0x000002d5b80f5760 Exception <a 'sun/nio/fs/WindowsException'{0x00000000eac461f8}> (0x00000000eac461f8) 
thrown [s\src\hotspot\share\prims\jni.cpp, line 516]
Event: 139.843 Thread 0x000002d5b80f5760 Exception <a 'sun/nio/fs/WindowsException'{0x00000000eab019b8}> (0x00000000eab019b8) 
thrown [s\src\hotspot\share\prims\jni.cpp, line 516]
Event: 142.082 Thread 0x000002d5b80f5760 Exception <a 'sun/nio/fs/WindowsException'{0x00000000eaba8818}> (0x00000000eaba8818) 
thrown [s\src\hotspot\share\prims\jni.cpp, line 516]
Event: 142.206 Thread 0x000002d5b80f5760 Exception <a 'sun/nio/fs/WindowsException'{0x00000000eacad358}> (0x00000000eacad358) 
thrown [s\src\hotspot\share\prims\jni.cpp, line 516]
Event: 344.587 Thread 0x000002d5b80f5760 Exception <a 'sun/nio/fs/WindowsException'{0x00000000eab3f410}> (0x00000000eab3f410) 
thrown [s\src\hotspot\share\prims\jni.cpp, line 516]
Event: 345.604 Thread 0x000002d5b80f5760 Exception <a 'sun/nio/fs/WindowsException'{0x00000000eac6f270}> (0x00000000eac6f270) 
thrown [s\src\hotspot\share\prims\jni.cpp, line 516]
Event: 351.327 Thread 0x000002d5b8eb0d70 Implicit null exception at 0x000002d5a7febb1b to 0x000002d5a7fec358
Event: 351.358 Thread 0x000002d5b8eb0d70 Implicit null exception at 0x000002d5a8276658 to 0x000002d5a8276978
Event: 351.645 Thread 0x000002d5b8eb0d70 Exception <a 'java/lang/NoSuchMethodError'{0x00000000eabc2b60}: 'java.lang.Object java.lang.invoke.DirectMethodHandle$Holder.newInvokeSpecial(java.lang.Object, java.lang.Object, java.lang.Object, java.lang.Object, java.lang.Object, java.lang.Object, java.lang.Object, java.lang.Object)'> (0x00000000eabc2b60) 
thrown [s\src\hotspot\share\interpreter\linkResolver.cpp, line 759]
Event: 351.646 Thread 0x000002d5b8eb0d70 Exception <a 'java/lang/NoSuchMethodError'{0x00000000eabc8350}: 'java.lang.Object java.lang.invoke.Invokers$Holder.linkToTargetMethod(java.lang.Object, java.lang.Object, java.lang.Object, java.lang.Object, java.lang.Object, java.lang.Object, java.lang.Object, java.lang.Object)'> (0x00000000eabc8350) 
thrown [s\src\hotspot\share\interpreter\linkResolver.cpp, line 759]
Event: 453.001 Thread 0x000002d5b80f2ee0 Exception <a 'java/lang/LinkageError'{0x00000000eac63a00}: loader lombok.launch.ShadowClassLoader @5ff27c0 attempted duplicate class definition for lombok.launch.PatchFixesHider$Val. (lombok.launch.PatchFixesHider$Val is in unnamed module of loader lombok.launch.ShadowClassLoader @5ff27c0, parent loader org.eclipse.osgi.internal.loader.EquinoxClassLoader @76192a51)> (0x00000000eac63a00) 
thrown [s\src\hotspot\share\classfile\systemDictionary.cpp, line 1723]

VM Operations (20 events):
Event: 420.805 Executing VM operation: HandshakeAllThreads
Event: 420.815 Executing VM operation: HandshakeAllThreads done
Event: 425.848 Executing VM operation: Cleanup
Event: 425.852 Executing VM operation: Cleanup done
Event: 451.893 Executing VM operation: ParallelGCFailedAllocation
Event: 451.944 Executing VM operation: ParallelGCFailedAllocation done
Event: 452.503 Executing VM operation: ParallelGCFailedAllocation
Event: 452.509 Executing VM operation: ParallelGCFailedAllocation done
Event: 452.626 Executing VM operation: ParallelGCFailedAllocation
Event: 452.626 Executing VM operation: ParallelGCFailedAllocation done
Event: 452.626 Executing VM operation: ParallelGCSystemGC
Event: 452.630 Executing VM operation: ParallelGCSystemGC done
Event: 452.724 Executing VM operation: ParallelGCFailedAllocation
Event: 452.728 Executing VM operation: ParallelGCFailedAllocation done
Event: 452.835 Executing VM operation: ParallelGCFailedAllocation
Event: 452.838 Executing VM operation: ParallelGCFailedAllocation done
Event: 452.918 Executing VM operation: ParallelGCFailedAllocation
Event: 452.919 Executing VM operation: ParallelGCFailedAllocation done
Event: 453.034 Executing VM operation: ParallelGCFailedAllocation
Event: 453.040 Executing VM operation: ParallelGCFailedAllocation done

Events (20 events):
Event: 351.482 loading class java/util/stream/Nodes$ConcNode
Event: 351.486 loading class java/util/stream/Nodes$AbstractConcNode
Event: 351.489 loading class java/util/stream/Nodes$AbstractConcNode done
Event: 351.489 loading class java/util/stream/Nodes$ConcNode done
Event: 351.491 Thread 0x000002d5b8eadfe0 Thread added: 0x000002d5b8eadfe0
Event: 351.495 loading class java/util/stream/Nodes$ToArrayTask$OfRef
Event: 351.497 loading class java/util/stream/Nodes$ToArrayTask
Event: 351.499 loading class java/util/stream/Nodes$ToArrayTask done
Event: 351.499 loading class java/util/stream/Nodes$ToArrayTask$OfRef done
Event: 351.500 Thread 0x000002d5b8eae4f0 Thread exited: 0x000002d5b8eae4f0
Event: 351.500 Thread 0x000002d5b8eadfe0 Thread exited: 0x000002d5b8eadfe0
Event: 351.509 loading class java/io/ObjectOutputStream$BlockDataOutputStream
Event: 351.520 loading class java/io/ObjectOutputStream$BlockDataOutputStream done
Event: 351.520 loading class java/io/ObjectOutputStream$HandleTable
Event: 351.524 loading class java/io/ObjectOutputStream$HandleTable done
Event: 351.524 loading class java/io/ObjectOutputStream$ReplaceTable
Event: 351.526 loading class java/io/ObjectOutputStream$ReplaceTable done
Event: 411.942 Thread 0x000002d5b8eb0d70 Thread exited: 0x000002d5b8eb0d70
Event: 415.379 Thread 0x000002d5bb570d30 Thread exited: 0x000002d5bb570d30
Event: 452.282 Thread 0x000002d5b8ead0b0 Thread added: 0x000002d5b8ead0b0


Dynamic libraries:
0x00007ff772130000 - 0x00007ff77213e000 	c:\Users\harip\.vscode\extensions\redhat.java-1.31.0-win32-x64\jre\17.0.11-win32-x86_64\bin\java.exe
0x00007ff97cf70000 - 0x00007ff97d187000 	C:\Windows\SYSTEM32\ntdll.dll
0x00007ff97bcf0000 - 0x00007ff97bdb4000 	C:\Windows\System32\KERNEL32.DLL
0x00007ff97a900000 - 0x00007ff97acac000 	C:\Windows\System32\KERNELBASE.dll
0x00007ff97a6b0000 - 0x00007ff97a7c1000 	C:\Windows\System32\ucrtbase.dll
0x00007ff973d80000 - 0x00007ff973d97000 	c:\Users\harip\.vscode\extensions\redhat.java-1.31.0-win32-x64\jre\17.0.11-win32-x86_64\bin\jli.dll
0x00007ff973810000 - 0x00007ff97382b000 	c:\Users\harip\.vscode\extensions\redhat.java-1.31.0-win32-x64\jre\17.0.11-win32-x86_64\bin\VCRUNTIME140.dll
0x00007ff97cd80000 - 0x00007ff97cf2e000 	C:\Windows\System32\USER32.dll
0x00007ff97a680000 - 0x00007ff97a6a6000 	C:\Windows\System32\win32u.dll
0x00007ff949a50000 - 0x00007ff949ce3000 	C:\Windows\WinSxS\amd64_microsoft.windows.common-controls_6595b64144ccf1df_6.0.22621.3672_none_2713b9d173822955\COMCTL32.dll
0x00007ff97c2b0000 - 0x00007ff97c2d9000 	C:\Windows\System32\GDI32.dll
0x00007ff97c700000 - 0x00007ff97c7a7000 	C:\Windows\System32\msvcrt.dll
0x00007ff97a560000 - 0x00007ff97a679000 	C:\Windows\System32\gdi32full.dll
0x00007ff97a2a0000 - 0x00007ff97a33a000 	C:\Windows\System32\msvcp_win.dll
0x00007ff97c830000 - 0x00007ff97c861000 	C:\Windows\System32\IMM32.DLL
0x00007ff974380000 - 0x00007ff97438c000 	c:\Users\harip\.vscode\extensions\redhat.java-1.31.0-win32-x64\jre\17.0.11-win32-x86_64\bin\vcruntime140_1.dll
0x00007ff904c50000 - 0x00007ff904cdd000 	c:\Users\harip\.vscode\extensions\redhat.java-1.31.0-win32-x64\jre\17.0.11-win32-x86_64\bin\msvcp140.dll
0x00007ff8dc6a0000 - 0x00007ff8dd302000 	c:\Users\harip\.vscode\extensions\redhat.java-1.31.0-win32-x64\jre\17.0.11-win32-x86_64\bin\server\jvm.dll
0x00007ff97c640000 - 0x00007ff97c6f2000 	C:\Windows\System32\ADVAPI32.dll
0x00007ff97b7c0000 - 0x00007ff97b86a000 	C:\Windows\System32\sechost.dll
0x00007ff97a340000 - 0x00007ff97a368000 	C:\Windows\System32\bcrypt.dll
0x00007ff97b6a0000 - 0x00007ff97b7b5000 	C:\Windows\System32\RPCRT4.dll
0x00007ff97a0b0000 - 0x00007ff97a0fd000 	C:\Windows\SYSTEM32\POWRPROF.dll
0x00007ff9712c0000 - 0x00007ff9712f4000 	C:\Windows\SYSTEM32\WINMM.dll
0x00007ff96ff00000 - 0x00007ff96ff0a000 	C:\Windows\SYSTEM32\VERSION.dll
0x00007ff94be80000 - 0x00007ff94be89000 	C:\Windows\SYSTEM32\WSOCK32.dll
0x00007ff97acc0000 - 0x00007ff97ad31000 	C:\Windows\System32\WS2_32.dll
0x00007ff97a090000 - 0x00007ff97a0a3000 	C:\Windows\SYSTEM32\UMPDC.dll
0x00007ff979290000 - 0x00007ff9792a8000 	C:\Windows\SYSTEM32\kernel.appcore.dll
0x00007ff9741c0000 - 0x00007ff9741ca000 	c:\Users\harip\.vscode\extensions\redhat.java-1.31.0-win32-x64\jre\17.0.11-win32-x86_64\bin\jimage.dll
0x00007ff977b90000 - 0x00007ff977dc2000 	C:\Windows\SYSTEM32\DBGHELP.DLL
0x00007ff97bf00000 - 0x00007ff97c288000 	C:\Windows\System32\combase.dll
0x00007ff97cca0000 - 0x00007ff97cd77000 	C:\Windows\System32\OLEAUT32.dll
0x00007ff970060000 - 0x00007ff970092000 	C:\Windows\SYSTEM32\dbgcore.DLL
0x00007ff97a370000 - 0x00007ff97a3eb000 	C:\Windows\System32\bcryptPrimitives.dll
0x00007ff9740d0000 - 0x00007ff9740de000 	c:\Users\harip\.vscode\extensions\redhat.java-1.31.0-win32-x64\jre\17.0.11-win32-x86_64\bin\instrument.dll
0x00007ff972cf0000 - 0x00007ff972d15000 	c:\Users\harip\.vscode\extensions\redhat.java-1.31.0-win32-x64\jre\17.0.11-win32-x86_64\bin\java.dll
0x00007ff9735e0000 - 0x00007ff9735f8000 	c:\Users\harip\.vscode\extensions\redhat.java-1.31.0-win32-x64\jre\17.0.11-win32-x86_64\bin\zip.dll
0x00007ff97ae40000 - 0x00007ff97b69c000 	C:\Windows\System32\SHELL32.dll
0x00007ff9781a0000 - 0x00007ff978a97000 	C:\Windows\SYSTEM32\windows.storage.dll
0x00007ff978060000 - 0x00007ff97819f000 	C:\Windows\SYSTEM32\wintypes.dll
0x00007ff97c540000 - 0x00007ff97c634000 	C:\Windows\System32\SHCORE.dll
0x00007ff97ca10000 - 0x00007ff97ca6e000 	C:\Windows\System32\shlwapi.dll
0x00007ff97a1d0000 - 0x00007ff97a1f1000 	C:\Windows\SYSTEM32\profapi.dll
0x00007ff9729a0000 - 0x00007ff9729b9000 	C:\Users\harip\.vscode\extensions\redhat.java-1.31.0-win32-x64\jre\17.0.11-win32-x86_64\bin\net.dll
0x00007ff976640000 - 0x00007ff976776000 	C:\Windows\SYSTEM32\WINHTTP.dll
0x00007ff9796f0000 - 0x00007ff979759000 	C:\Windows\system32\mswsock.dll
0x00007ff972980000 - 0x00007ff972996000 	C:\Users\harip\.vscode\extensions\redhat.java-1.31.0-win32-x64\jre\17.0.11-win32-x86_64\bin\nio.dll
0x00007ff973720000 - 0x00007ff973730000 	c:\Users\harip\.vscode\extensions\redhat.java-1.31.0-win32-x64\jre\17.0.11-win32-x86_64\bin\verify.dll
0x00007ff91f3a0000 - 0x00007ff91f3e4000 	C:\Users\harip\AppData\Roaming\Code\User\globalStorage\redhat.java\1.31.0\config_win\org.eclipse.equinox.launcher\org.eclipse.equinox.launcher.win32.win32.x86_64_1.2.1000.v20240507-1834\eclipse_11902.dll
0x00007ff97c390000 - 0x00007ff97c535000 	C:\Windows\System32\ole32.dll
0x00007ff979990000 - 0x00007ff9799ab000 	C:\Windows\SYSTEM32\CRYPTSP.dll
0x00007ff9791f0000 - 0x00007ff979225000 	C:\Windows\system32\rsaenh.dll
0x00007ff979790000 - 0x00007ff9797b8000 	C:\Windows\SYSTEM32\USERENV.dll
0x00007ff979900000 - 0x00007ff97990c000 	C:\Windows\SYSTEM32\CRYPTBASE.dll
0x00007ff978d00000 - 0x00007ff978d2d000 	C:\Windows\SYSTEM32\IPHLPAPI.DLL
0x00007ff97cc30000 - 0x00007ff97cc39000 	C:\Windows\System32\NSI.dll
0x00007ff9764c0000 - 0x00007ff9764d9000 	C:\Windows\SYSTEM32\dhcpcsvc6.DLL
0x00007ff9764a0000 - 0x00007ff9764bf000 	C:\Windows\SYSTEM32\dhcpcsvc.DLL
0x00007ff978d30000 - 0x00007ff978e28000 	C:\Windows\SYSTEM32\DNSAPI.dll
0x00007ff9079e0000 - 0x00007ff907a25000 	C:\Users\harip\AppData\Local\Temp\jna-99048832\jna13376117155598550871.dll
0x00007ff97acb0000 - 0x00007ff97acb8000 	C:\Windows\System32\PSAPI.DLL
0x00007ff977e70000 - 0x00007ff977e7e000 	C:\Users\harip\.vscode\extensions\redhat.java-1.31.0-win32-x64\jre\17.0.11-win32-x86_64\bin\sunmscapi.dll
0x00007ff97a3f0000 - 0x00007ff97a557000 	C:\Windows\System32\CRYPT32.dll
0x00007ff979b60000 - 0x00007ff979b8e000 	C:\Windows\SYSTEM32\ncrypt.dll
0x00007ff979b20000 - 0x00007ff979b57000 	C:\Windows\SYSTEM32\NTASN1.dll

dbghelp: loaded successfully - version: 4.0.5 - missing functions: none
symbol engine: initialized successfully - sym options: 0x614 - pdb path: .;c:\Users\harip\.vscode\extensions\redhat.java-1.31.0-win32-x64\jre\17.0.11-win32-x86_64\bin;C:\Windows\SYSTEM32;C:\Windows\WinSxS\amd64_microsoft.windows.common-controls_6595b64144ccf1df_6.0.22621.3672_none_2713b9d173822955;c:\Users\harip\.vscode\extensions\redhat.java-1.31.0-win32-x64\jre\17.0.11-win32-x86_64\bin\server;C:\Users\harip\AppData\Roaming\Code\User\globalStorage\redhat.java\1.31.0\config_win\org.eclipse.equinox.launcher\org.eclipse.equinox.launcher.win32.win32.x86_64_1.2.1000.v20240507-1834;C:\Users\harip\AppData\Local\Temp\jna-99048832

VM Arguments:
jvm_args: --add-modules=ALL-SYSTEM --add-opens=java.base/java.util=ALL-UNNAMED --add-opens=java.base/java.lang=ALL-UNNAMED --add-opens=java.base/sun.nio.fs=ALL-UNNAMED -Declipse.application=org.eclipse.jdt.ls.core.id1 -Dosgi.bundles.defaultStartLevel=4 -Declipse.product=org.eclipse.jdt.ls.core.product -Djava.import.generatesMetadataFilesAtProjectRoot=false -DDetectVMInstallationsJob.disabled=true -Dfile.encoding=utf8 -XX:+UseParallelGC -XX:GCTimeRatio=4 -XX:AdaptiveSizePolicyWeight=90 -Dsun.zip.disableMemoryMapping=true -Xmx1G -Xms100m -Xlog:disable -javaagent:c:\Users\harip\.vscode\extensions\redhat.java-1.31.0-win32-x64\lombok\lombok-1.18.32.jar -XX:+HeapDumpOnOutOfMemoryError -XX:HeapDumpPath=c:\Users\harip\AppData\Roaming\Code\User\workspaceStorage\2f1dbbce5bae9b77347cb12511577ef0\redhat.java -Daether.dependencyCollector.impl=bf 
java_command: c:\Users\harip\.vscode\extensions\redhat.java-1.31.0-win32-x64\server\plugins\org.eclipse.equinox.launcher_1.6.800.v20240513-1750.jar -configuration c:\Users\harip\AppData\Roaming\Code\User\globalStorage\redhat.java\1.31.0\config_win -data c:\Users\harip\AppData\Roaming\Code\User\workspaceStorage\2f1dbbce5bae9b77347cb12511577ef0\redhat.java\jdt_ws --pipe=\\.\pipe\lsp-40471ea50a10b64931b0fe5d0ad088c1-sock
java_class_path (initial): c:\Users\harip\.vscode\extensions\redhat.java-1.31.0-win32-x64\server\plugins\org.eclipse.equinox.launcher_1.6.800.v20240513-1750.jar
Launcher Type: SUN_STANDARD

[Global flags]
    uintx AdaptiveSizePolicyWeight                 = 90                                        {product} {command line}
     intx CICompilerCount                          = 4                                         {product} {ergonomic}
    uintx GCTimeRatio                              = 4                                         {product} {command line}
     bool HeapDumpOnOutOfMemoryError               = true                                   {manageable} {command line}
    ccstr HeapDumpPath                             = c:\Users\harip\AppData\Roaming\Code\User\workspaceStorage\2f1dbbce5bae9b77347cb12511577ef0\redhat.java         {manageable} {command line}
   size_t InitialHeapSize                          = 104857600                                 {product} {command line}
   size_t MaxHeapSize                              = 1073741824                                {product} {command line}
   size_t MaxNewSize                               = 357564416                                 {product} {ergonomic}
   size_t MinHeapDeltaBytes                        = 524288                                    {product} {ergonomic}
   size_t MinHeapSize                              = 104857600                                 {product} {command line}
   size_t NewSize                                  = 34603008                                  {product} {ergonomic}
    uintx NonNMethodCodeHeapSize                   = 5839372                                {pd product} {ergonomic}
    uintx NonProfiledCodeHeapSize                  = 122909434                              {pd product} {ergonomic}
   size_t OldSize                                  = 70254592                                  {product} {ergonomic}
    uintx ProfiledCodeHeapSize                     = 122909434                              {pd product} {ergonomic}
    uintx ReservedCodeCacheSize                    = 251658240                              {pd product} {ergonomic}
     bool SegmentedCodeCache                       = true                                      {product} {ergonomic}
   size_t SoftMaxHeapSize                          = 1073741824                             {manageable} {ergonomic}
     bool UseCompressedClassPointers               = true                           {product lp64_product} {ergonomic}
     bool UseCompressedOops                        = true                           {product lp64_product} {ergonomic}
     bool UseLargePagesIndividualAllocation        = false                                  {pd product} {ergonomic}
     bool UseParallelGC                            = true                                      {product} {command line}

Logging:
Log output configuration:
 #0: stdout all=off uptime,level,tags
 #1: stderr all=off uptime,level,tags

Environment Variables:
PATH=C:\app\harip\product\21c\dbhomeXE\bin;C:\Program Files\Common Files\Oracle\Java\javapath;C:\Windows\system32;C:\Windows;C:\Windows\System32\Wbem;C:\Windows\System32\WindowsPowerShell\v1.0\;C:\Windows\System32\OpenSSH\;C:\Program Files\dotnet\;C:\Program Files\nodejs\;C:\ProgramData\chocolatey\bin;C:\Program Files\Git\cmd;C:\Program Files\PowerShell\7\;C:\Program Files\MySQL\MySQL Shell 8.0\bin\;C:\Users\harip\AppData\Local\Programs\Python\Launcher\;C:\Users\harip\AppData\Local\Microsoft\WindowsApps;C:\Users\harip\AppData\Local\Programs\Microsoft VS Code\bin;C:\Program Files\JetBrains\IntelliJ IDEA 2024.1.1\bin;;C:\Program Files\JetBrains\PyCharm 2024.1.1\bin;;C:\Users\harip\AppData\Roaming\npm
USERNAME=harip
OS=Windows_NT
PROCESSOR_IDENTIFIER=Intel64 Family 6 Model 154 Stepping 4, GenuineIntel
TMP=C:\Users\harip\AppData\Local\Temp
TEMP=C:\Users\harip\AppData\Local\Temp



Periodic native trim disabled


---------------  S Y S T E M  ---------------

OS:
 Windows 11 , 64 bit Build 22621 (10.0.22621.3672)
OS uptime: 3 days 9:08 hours
Hyper-V role detected

CPU: total 12 (initial active 12) (6 cores per cpu, 2 threads per core) family 6 model 154 stepping 4 microcode 0x432, cx8, cmov, fxsr, ht, mmx, 3dnowpref, sse, sse2, sse3, ssse3, sse4.1, sse4.2, popcnt, lzcnt, tsc, tscinvbit, avx, avx2, aes, erms, clmul, bmi1, bmi2, adx, sha, fma, vzeroupper, clflush, clflushopt, clwb, hv
Processor Information for processor 0
  Max Mhz: 1300, Current Mhz: 1300, Mhz Limit: 1300
Processor Information for processor 1
  Max Mhz: 1300, Current Mhz: 1300, Mhz Limit: 1300
Processor Information for processor 2
  Max Mhz: 1300, Current Mhz: 1300, Mhz Limit: 1300
Processor Information for processor 3
  Max Mhz: 1300, Current Mhz: 1300, Mhz Limit: 1300
Processor Information for processor 4
  Max Mhz: 1300, Current Mhz: 900, Mhz Limit: 897
Processor Information for processor 5
  Max Mhz: 1300, Current Mhz: 900, Mhz Limit: 897
Processor Information for processor 6
  Max Mhz: 1300, Current Mhz: 900, Mhz Limit: 897
Processor Information for processor 7
  Max Mhz: 1300, Current Mhz: 900, Mhz Limit: 897
Processor Information for processor 8
  Max Mhz: 1300, Current Mhz: 900, Mhz Limit: 897
Processor Information for processor 9
  Max Mhz: 1300, Current Mhz: 900, Mhz Limit: 897
Processor Information for processor 10
  Max Mhz: 1300, Current Mhz: 900, Mhz Limit: 897
Processor Information for processor 11
  Max Mhz: 1300, Current Mhz: 900, Mhz Limit: 897

Memory: 4k page, system-wide physical 3767M (142M free)
TotalPageFile size 15543M (AvailPageFile size 4M)
current process WorkingSet (physical memory assigned to process): 122M, peak: 234M
current process commit charge ("private bytes"): 342M, peak: 374M

vm_info: OpenJDK 64-Bit Server VM (17.0.11+9) for windows-amd64 JRE (17.0.11+9), built on Apr 17 2024 06:07:48 by "admin" with MS VC++ 16.10 / 16.11 (VS2019)

END.
